Compiling the C compiler identification source file "CMakeCCompilerId.c" failed.
Compiler: /Library/Developer/CommandLineTools/usr/bin/cc 
Build flags: 
Id flags:  

The output was:
1
ld: library not found for -lSystem
clang: error: linker command failed with exit code 1 (use -v to see invocation)


Compiling the CXX compiler identification source file "CMakeCXXCompilerId.cpp" failed.
Compiler: /Library/Developer/CommandLineTools/usr/bin/c++ 
Build flags: 
Id flags:  

The output was:
1
ld: library not found for -lc++
clang: error: linker command failed with exit code 1 (use -v to see invocation)


Determining if the function sgemm_ exists failed with the following output:
Change Dir: /Users/jiantongwang/Documents/Coding/DSA_Project3/cmake-build-debug/CMakeFiles/CMakeScratch/TryCompile-uuGlHL

Run Build Command(s):/Applications/CLion.app/Contents/bin/ninja/mac/ninja cmTC_3ced5 && [1/2] Building C object CMakeFiles/cmTC_3ced5.dir/CheckFunctionExists.c.o
[2/2] Linking C executable cmTC_3ced5
FAILED: cmTC_3ced5 
: && /Library/Developer/CommandLineTools/usr/bin/cc -DCHECK_FUNCTION_EXISTS=sgemm_ -arch arm64 -isysroot /Library/Developer/CommandLineTools/SDKs/MacOSX13.3.sdk -Wl,-search_paths_first -Wl,-headerpad_max_install_names  CMakeFiles/cmTC_3ced5.dir/CheckFunctionExists.c.o -o cmTC_3ced5   && :
Undefined symbols for architecture arm64:
  "_sgemm_", referenced from:
      _main in CheckFunctionExists.c.o
ld: symbol(s) not found for architecture arm64
clang: error: linker command failed with exit code 1 (use -v to see invocation)
ninja: build stopped: subcommand failed.



Determining if the __fbufsize exist failed with the following output:
Change Dir: /Users/jiantongwang/Documents/Coding/DSA_Project3/cmake-build-debug/CMakeFiles/CMakeScratch/TryCompile-iFaeTo

Run Build Command(s):/Applications/CLion.app/Contents/bin/ninja/mac/ninja cmTC_5a7a5 && [1/2] Building C object CMakeFiles/cmTC_5a7a5.dir/CheckSymbolExists.c.o
FAILED: CMakeFiles/cmTC_5a7a5.dir/CheckSymbolExists.c.o 
/Library/Developer/CommandLineTools/usr/bin/cc   -arch arm64 -isysroot /Library/Developer/CommandLineTools/SDKs/MacOSX13.3.sdk -fcolor-diagnostics -MD -MT CMakeFiles/cmTC_5a7a5.dir/CheckSymbolExists.c.o -MF CMakeFiles/cmTC_5a7a5.dir/CheckSymbolExists.c.o.d -o CMakeFiles/cmTC_5a7a5.dir/CheckSymbolExists.c.o -c /Users/jiantongwang/Documents/Coding/DSA_Project3/cmake-build-debug/CMakeFiles/CMakeScratch/TryCompile-iFaeTo/CheckSymbolExists.c
/Users/jiantongwang/Documents/Coding/DSA_Project3/cmake-build-debug/CMakeFiles/CMakeScratch/TryCompile-iFaeTo/CheckSymbolExists.c:2:10: fatal error: 'stdio_ext.h' file not found
#include <stdio_ext.h>
         ^~~~~~~~~~~~~
1 error generated.
ninja: build stopped: subcommand failed.


File CheckSymbolExists.c:
/* */
#include <stdio_ext.h>

int main(int argc, char** argv)
{
  (void)argv;
#ifndef __fbufsize
  return ((int*)(&__fbufsize))[argc];
#else
  (void)argc;
  return 0;
#endif
}

